<?xml version="1.0" encoding="UTF-8"?>
<testsuites name="SuitesN-Cura" time="19.558" tests="1" failures="0" errors="0">
   <testsuite name="SuitesN-Cura" tests="1" failures="0" errors="0" time="19.558" skipped="0" timestamp="2023-02-23 22:47:28" hostname="topindoku - localhost" id="Test Suites/Web/Negative/SuitesN-Cura">
      <properties>
         <property name="deviceName" value=""/>
         <property name="devicePlatform" value=""/>
         <property name="logFolder" value="/Users/topindoku/git/Katalon-Integration/Reports/20230223_224725/Web/Negative/SuitesN-Cura/20230223_224725"/>
         <property name="logFiles" value="/Users/topindoku/git/Katalon-Integration/Reports/20230223_224725/Web/Negative/SuitesN-Cura/20230223_224725/execution0.log"/>
         <property name="attachments" value=""/>
         <property name="hostName" value="topindoku - localhost"/>
         <property name="os" value="Mac OS X 64bit"/>
         <property name="katalonVersion" value="8.5.5.208"/>
         <property name="browser" value="Chrome 110.0.0.0"/>
         <property name="hostAddress" value="127.0.0.1"/>
         <property name="sessionId" value="887dc0700105f56905ddad76480a5b3e"/>
         <property name="seleniumVersion" value="3.141.59"/>
         <property name="proxyInformation" value="ProxyInformation { proxyOption=NO_PROXY, proxyServerType=HTTP, username=, password=********, proxyServerAddress=, proxyServerPort=0, executionList=&quot;&quot;, isApplyToDesiredCapabilities=true }"/>
         <property name="platform" value="Mac OS X"/>
      </properties>
      <testcase name="Test Cases/Web/Login/Negative/TCN-LoginCura" time="19.124" classname="Test Cases/Web/Login/Negative/TCN-LoginCura" status="PASSED">
         <system-out><![CDATA[2023-02-23 22:47:29 - [TEST_CASE][PASSED] - Test Cases/Web/Login/Negative/TCN-LoginCura: Test Cases/Web/Login/Negative/TCN-LoginCura

2023-02-23 22:47:29 - [TEST_STEP][PASSED] - openBrowser(""): Browser is opened with url: ''

2023-02-23 22:47:29 - [MESSAGE][INFO] - Starting 'Chrome' driver

2023-02-23 22:47:29 - [MESSAGE][INFO] - Action delay is set to 0 milliseconds

2023-02-23 22:47:38 - [MESSAGE][PASSED] - Browser is opened with url: ''

2023-02-23 22:47:38 - [TEST_STEP][PASSED] - navigateToUrl(url): Navigate to 'https://katalon-demo-cura.herokuapp.com/profile.php#login' successfully

2023-02-23 22:47:45 - [MESSAGE][PASSED] - Navigate to 'https://katalon-demo-cura.herokuapp.com/profile.php#login' successfully

2023-02-23 22:47:45 - [TEST_STEP][PASSED] - click(findTestObject("Page_CURA Healthcare Service/button_Login")): Object: 'Object Repository/Page_CURA Healthcare Service/button_Login' is clicked on

2023-02-23 22:47:47 - [MESSAGE][PASSED] - Object: 'Object Repository/Page_CURA Healthcare Service/button_Login' is clicked on

2023-02-23 22:47:47 - [TEST_STEP][PASSED] - verifyElementPresent(findTestObject("Page_CURA Healthcare Service/p_Login failed Please ensure the username and password are valid"), 0): Object 'Object Repository/Page_CURA Healthcare Service/p_Login failed Please ensure the username and password are valid' is present

2023-02-23 22:47:47 - [MESSAGE][WARNING] - Timeout '0' is invalid. Using default page load timeout: '30'

2023-02-23 22:47:47 - [MESSAGE][PASSED] - Object 'Object Repository/Page_CURA Healthcare Service/p_Login failed Please ensure the username and password are valid' is present

2023-02-23 22:47:47 - [TEST_STEP][PASSED] - closeBrowser(): Browser is closed

2023-02-23 22:47:48 - [MESSAGE][PASSED] - Browser is closed]]></system-out>
         <system-err><![CDATA[]]></system-err>
      </testcase>
      <system-out><![CDATA[2023-02-23 22:47:28 - [TEST_SUITE][PASSED] - SuitesN-Cura: Test Cases/Web/Login/Negative/TCN-LoginCura]]></system-out>
      <system-err><![CDATA[]]></system-err>
   </testsuite>
</testsuites>
